<?xml version="1.0" encoding="UTF-8"?>
<testsuite xmlns:xsi="http://www.w3.org/2001/XMLSchema-instance" xsi:noNamespaceSchemaLocation="https://maven.apache.org/surefire/maven-surefire-plugin/xsd/surefire-test-report.xsd" name="Test" time="0.439" tests="1" errors="0" skipped="0" failures="0">
  <properties>
    <property name="gopherProxySet" value="false"/>
    <property name="awt.toolkit" value="sun.lwawt.macosx.LWCToolkit"/>
    <property name="file.encoding.pkg" value="sun.io"/>
    <property name="java.specification.version" value="1.8"/>
    <property name="sun.cpu.isalist" value=""/>
    <property name="sun.jnu.encoding" value="UTF-8"/>
    <property name="java.class.path" value="/Users/macos/Desktop/OldFace/study/api-auto-test/target/test-classes:/Users/macos/Desktop/OldFace/study/api-auto-test/target/classes:/Users/macos/Desktop/OldFace/tools/maven/repository/org/springframework/boot/spring-boot-starter-test/2.0.6.RELEASE/spring-boot-starter-test-2.0.6.RELEASE.jar:/Users/macos/Desktop/OldFace/tools/maven/repository/org/springframework/boot/spring-boot-starter/2.0.6.RELEASE/spring-boot-starter-2.0.6.RELEASE.jar:/Users/macos/Desktop/OldFace/tools/maven/repository/org/springframework/boot/spring-boot/2.0.6.RELEASE/spring-boot-2.0.6.RELEASE.jar:/Users/macos/Desktop/OldFace/tools/maven/repository/org/springframework/spring-context/5.0.10.RELEASE/spring-context-5.0.10.RELEASE.jar:/Users/macos/Desktop/OldFace/tools/maven/repository/org/springframework/spring-expression/5.0.10.RELEASE/spring-expression-5.0.10.RELEASE.jar:/Users/macos/Desktop/OldFace/tools/maven/repository/org/springframework/boot/spring-boot-autoconfigure/2.0.6.RELEASE/spring-boot-autoconfigure-2.0.6.RELEASE.jar:/Users/macos/Desktop/OldFace/tools/maven/repository/javax/annotation/javax.annotation-api/1.3.2/javax.annotation-api-1.3.2.jar:/Users/macos/Desktop/OldFace/tools/maven/repository/org/springframework/boot/spring-boot-test/2.0.6.RELEASE/spring-boot-test-2.0.6.RELEASE.jar:/Users/macos/Desktop/OldFace/tools/maven/repository/org/springframework/boot/spring-boot-test-autoconfigure/2.0.6.RELEASE/spring-boot-test-autoconfigure-2.0.6.RELEASE.jar:/Users/macos/Desktop/OldFace/tools/maven/repository/com/jayway/jsonpath/json-path/2.4.0/json-path-2.4.0.jar:/Users/macos/Desktop/OldFace/tools/maven/repository/net/minidev/json-smart/2.3/json-smart-2.3.jar:/Users/macos/Desktop/OldFace/tools/maven/repository/net/minidev/accessors-smart/1.2/accessors-smart-1.2.jar:/Users/macos/Desktop/OldFace/tools/maven/repository/org/ow2/asm/asm/5.0.4/asm-5.0.4.jar:/Users/macos/Desktop/OldFace/tools/maven/repository/org/slf4j/slf4j-api/1.7.25/slf4j-api-1.7.25.jar:/Users/macos/Desktop/OldFace/tools/maven/repository/junit/junit/4.12/junit-4.12.jar:/Users/macos/Desktop/OldFace/tools/maven/repository/org/assertj/assertj-core/3.9.1/assertj-core-3.9.1.jar:/Users/macos/Desktop/OldFace/tools/maven/repository/org/mockito/mockito-core/2.15.0/mockito-core-2.15.0.jar:/Users/macos/Desktop/OldFace/tools/maven/repository/net/bytebuddy/byte-buddy/1.7.11/byte-buddy-1.7.11.jar:/Users/macos/Desktop/OldFace/tools/maven/repository/net/bytebuddy/byte-buddy-agent/1.7.11/byte-buddy-agent-1.7.11.jar:/Users/macos/Desktop/OldFace/tools/maven/repository/org/objenesis/objenesis/2.6/objenesis-2.6.jar:/Users/macos/Desktop/OldFace/tools/maven/repository/org/hamcrest/hamcrest-core/1.3/hamcrest-core-1.3.jar:/Users/macos/Desktop/OldFace/tools/maven/repository/org/hamcrest/hamcrest-library/1.3/hamcrest-library-1.3.jar:/Users/macos/Desktop/OldFace/tools/maven/repository/org/skyscreamer/jsonassert/1.5.0/jsonassert-1.5.0.jar:/Users/macos/Desktop/OldFace/tools/maven/repository/com/vaadin/external/google/android-json/0.0.20131108.vaadin1/android-json-0.0.20131108.vaadin1.jar:/Users/macos/Desktop/OldFace/tools/maven/repository/org/springframework/spring-core/5.0.10.RELEASE/spring-core-5.0.10.RELEASE.jar:/Users/macos/Desktop/OldFace/tools/maven/repository/org/springframework/spring-jcl/5.0.10.RELEASE/spring-jcl-5.0.10.RELEASE.jar:/Users/macos/Desktop/OldFace/tools/maven/repository/org/springframework/spring-test/5.0.10.RELEASE/spring-test-5.0.10.RELEASE.jar:/Users/macos/Desktop/OldFace/tools/maven/repository/org/xmlunit/xmlunit-core/2.5.1/xmlunit-core-2.5.1.jar:/Users/macos/Desktop/OldFace/tools/maven/repository/org/springframework/boot/spring-boot-configuration-processor/2.0.6.RELEASE/spring-boot-configuration-processor-2.0.6.RELEASE.jar:/Users/macos/Desktop/OldFace/tools/maven/repository/org/springframework/boot/spring-boot-starter-logging/2.0.6.RELEASE/spring-boot-starter-logging-2.0.6.RELEASE.jar:/Users/macos/Desktop/OldFace/tools/maven/repository/ch/qos/logback/logback-classic/1.2.3/logback-classic-1.2.3.jar:/Users/macos/Desktop/OldFace/tools/maven/repository/ch/qos/logback/logback-core/1.2.3/logback-core-1.2.3.jar:/Users/macos/Desktop/OldFace/tools/maven/repository/org/apache/logging/log4j/log4j-to-slf4j/2.10.0/log4j-to-slf4j-2.10.0.jar:/Users/macos/Desktop/OldFace/tools/maven/repository/org/apache/logging/log4j/log4j-api/2.10.0/log4j-api-2.10.0.jar:/Users/macos/Desktop/OldFace/tools/maven/repository/org/slf4j/jul-to-slf4j/1.7.25/jul-to-slf4j-1.7.25.jar:/Users/macos/Desktop/OldFace/tools/maven/repository/org/springframework/boot/spring-boot-starter-validation/2.0.6.RELEASE/spring-boot-starter-validation-2.0.6.RELEASE.jar:/Users/macos/Desktop/OldFace/tools/maven/repository/org/apache/tomcat/embed/tomcat-embed-el/8.5.34/tomcat-embed-el-8.5.34.jar:/Users/macos/Desktop/OldFace/tools/maven/repository/org/hibernate/validator/hibernate-validator/6.0.13.Final/hibernate-validator-6.0.13.Final.jar:/Users/macos/Desktop/OldFace/tools/maven/repository/javax/validation/validation-api/2.0.1.Final/validation-api-2.0.1.Final.jar:/Users/macos/Desktop/OldFace/tools/maven/repository/org/jboss/logging/jboss-logging/3.3.2.Final/jboss-logging-3.3.2.Final.jar:/Users/macos/Desktop/OldFace/tools/maven/repository/com/fasterxml/classmate/1.3.4/classmate-1.3.4.jar:/Users/macos/Desktop/OldFace/tools/maven/repository/org/projectlombok/lombok/1.16.22/lombok-1.16.22.jar:/Users/macos/Desktop/OldFace/tools/maven/repository/com/aventstack/extentreports/3.1.0/extentreports-3.1.0.jar:/Users/macos/Desktop/OldFace/tools/maven/repository/org/freemarker/freemarker/2.3.28/freemarker-2.3.28.jar:/Users/macos/Desktop/OldFace/tools/maven/repository/org/mongodb/mongodb-driver/3.6.4/mongodb-driver-3.6.4.jar:/Users/macos/Desktop/OldFace/tools/maven/repository/org/mongodb/bson/3.6.4/bson-3.6.4.jar:/Users/macos/Desktop/OldFace/tools/maven/repository/org/mongodb/mongodb-driver-core/3.6.4/mongodb-driver-core-3.6.4.jar:/Users/macos/Desktop/OldFace/tools/maven/repository/org/apache/httpcomponents/httpclient/4.5.6/httpclient-4.5.6.jar:/Users/macos/Desktop/OldFace/tools/maven/repository/org/jsoup/jsoup/1.9.2/jsoup-1.9.2.jar:/Users/macos/Desktop/OldFace/tools/maven/repository/com/google/code/gson/gson/2.8.5/gson-2.8.5.jar:/Users/macos/Desktop/OldFace/tools/maven/repository/com/google/inject/guice/3.0/guice-3.0.jar:/Users/macos/Desktop/OldFace/tools/maven/repository/javax/inject/javax.inject/1/javax.inject-1.jar:/Users/macos/Desktop/OldFace/tools/maven/repository/aopalliance/aopalliance/1.0/aopalliance-1.0.jar:/Users/macos/Desktop/OldFace/tools/maven/repository/com/google/guava/guava/23.0/guava-23.0.jar:/Users/macos/Desktop/OldFace/tools/maven/repository/com/google/code/findbugs/jsr305/1.3.9/jsr305-1.3.9.jar:/Users/macos/Desktop/OldFace/tools/maven/repository/com/google/errorprone/error_prone_annotations/2.0.18/error_prone_annotations-2.0.18.jar:/Users/macos/Desktop/OldFace/tools/maven/repository/com/google/j2objc/j2objc-annotations/1.1/j2objc-annotations-1.1.jar:/Users/macos/Desktop/OldFace/tools/maven/repository/org/codehaus/mojo/animal-sniffer-annotations/1.14/animal-sniffer-annotations-1.14.jar:/Users/macos/Desktop/OldFace/tools/maven/repository/org/apache/velocity/velocity/1.7/velocity-1.7.jar:/Users/macos/Desktop/OldFace/tools/maven/repository/commons-collections/commons-collections/3.2.1/commons-collections-3.2.1.jar:/Users/macos/Desktop/OldFace/tools/maven/repository/commons-lang/commons-lang/2.4/commons-lang-2.4.jar:/Users/macos/Desktop/OldFace/tools/maven/repository/com/alibaba/fastjson/1.2.60/fastjson-1.2.60.jar:/Users/macos/Desktop/OldFace/tools/maven/repository/org/apache/httpcomponents/httpcore/4.4.3/httpcore-4.4.3.jar:/Users/macos/Desktop/OldFace/tools/maven/repository/org/apache/httpcomponents/httpmime/4.5.3/httpmime-4.5.3.jar:/Users/macos/Desktop/OldFace/tools/maven/repository/com/att/inno/log4j/1.2.11/log4j-1.2.11.jar:/Users/macos/Desktop/OldFace/tools/maven/repository/com/att/inno/env/1.2.11/env-1.2.11.jar:/Users/macos/Desktop/OldFace/tools/maven/repository/log4j/log4j/1.2.17/log4j-1.2.17.jar:/Users/macos/Desktop/OldFace/tools/maven/repository/net/java/dev/jna/jna-platform/4.5.2/jna-platform-4.5.2.jar:/Users/macos/Desktop/OldFace/tools/maven/repository/net/java/dev/jna/jna/4.5.2/jna-4.5.2.jar:/Users/macos/Desktop/OldFace/tools/maven/repository/org/apache/commons/commons-lang3/3.7/commons-lang3-3.7.jar:/Users/macos/Desktop/OldFace/tools/maven/repository/org/testng/testng/6.11/testng-6.11.jar:/Users/macos/Desktop/OldFace/tools/maven/repository/com/beust/jcommander/1.64/jcommander-1.64.jar:/Users/macos/Desktop/OldFace/tools/maven/repository/org/yaml/snakeyaml/1.19/snakeyaml-1.19.jar:/Users/macos/Desktop/OldFace/tools/maven/repository/javax/mail/mail/1.4.7/mail-1.4.7.jar:/Users/macos/Desktop/OldFace/tools/maven/repository/javax/activation/activation/1.1/activation-1.1.jar:/Users/macos/Desktop/OldFace/tools/maven/repository/org/apache/poi/poi/3.17/poi-3.17.jar:/Users/macos/Desktop/OldFace/tools/maven/repository/commons-codec/commons-codec/1.11/commons-codec-1.11.jar:/Users/macos/Desktop/OldFace/tools/maven/repository/org/apache/commons/commons-collections4/4.1/commons-collections4-4.1.jar:/Users/macos/Desktop/OldFace/tools/maven/repository/org/apache/poi/poi-ooxml/3.17/poi-ooxml-3.17.jar:/Users/macos/Desktop/OldFace/tools/maven/repository/org/apache/poi/poi-ooxml-schemas/3.17/poi-ooxml-schemas-3.17.jar:/Users/macos/Desktop/OldFace/tools/maven/repository/org/apache/xmlbeans/xmlbeans/2.6.0/xmlbeans-2.6.0.jar:/Users/macos/Desktop/OldFace/tools/maven/repository/stax/stax-api/1.0.1/stax-api-1.0.1.jar:/Users/macos/Desktop/OldFace/tools/maven/repository/com/github/virtuald/curvesapi/1.04/curvesapi-1.04.jar:/Users/macos/Desktop/OldFace/tools/maven/repository/com/alibaba/easyexcel/1.0.1/easyexcel-1.0.1.jar:/Users/macos/Desktop/OldFace/tools/maven/repository/commons-beanutils/commons-beanutils/1.9.2/commons-beanutils-1.9.2.jar:/Users/macos/Desktop/OldFace/tools/maven/repository/commons-logging/commons-logging/1.1.1/commons-logging-1.1.1.jar:/Users/macos/Desktop/OldFace/tools/maven/repository/org/apache/commons/commons-compress/1.14/commons-compress-1.14.jar:/Users/macos/Desktop/OldFace/tools/maven/repository/cn/afterturn/easypoi-annotation/3.0.3/easypoi-annotation-3.0.3.jar:/Users/macos/Desktop/OldFace/tools/maven/repository/org/springframework/boot/spring-boot-starter-data-redis/2.0.6.RELEASE/spring-boot-starter-data-redis-2.0.6.RELEASE.jar:/Users/macos/Desktop/OldFace/tools/maven/repository/org/springframework/data/spring-data-redis/2.0.11.RELEASE/spring-data-redis-2.0.11.RELEASE.jar:/Users/macos/Desktop/OldFace/tools/maven/repository/org/springframework/data/spring-data-keyvalue/2.0.11.RELEASE/spring-data-keyvalue-2.0.11.RELEASE.jar:/Users/macos/Desktop/OldFace/tools/maven/repository/org/springframework/data/spring-data-commons/2.0.11.RELEASE/spring-data-commons-2.0.11.RELEASE.jar:/Users/macos/Desktop/OldFace/tools/maven/repository/org/springframework/spring-tx/5.0.10.RELEASE/spring-tx-5.0.10.RELEASE.jar:/Users/macos/Desktop/OldFace/tools/maven/repository/org/springframework/spring-beans/5.0.10.RELEASE/spring-beans-5.0.10.RELEASE.jar:/Users/macos/Desktop/OldFace/tools/maven/repository/org/springframework/spring-oxm/5.0.10.RELEASE/spring-oxm-5.0.10.RELEASE.jar:/Users/macos/Desktop/OldFace/tools/maven/repository/org/springframework/spring-aop/5.0.10.RELEASE/spring-aop-5.0.10.RELEASE.jar:/Users/macos/Desktop/OldFace/tools/maven/repository/org/springframework/spring-context-support/5.0.10.RELEASE/spring-context-support-5.0.10.RELEASE.jar:/Users/macos/Desktop/OldFace/tools/maven/repository/io/lettuce/lettuce-core/5.0.5.RELEASE/lettuce-core-5.0.5.RELEASE.jar:/Users/macos/Desktop/OldFace/tools/maven/repository/io/projectreactor/reactor-core/3.1.10.RELEASE/reactor-core-3.1.10.RELEASE.jar:/Users/macos/Desktop/OldFace/tools/maven/repository/org/reactivestreams/reactive-streams/1.0.2/reactive-streams-1.0.2.jar:/Users/macos/Desktop/OldFace/tools/maven/repository/io/netty/netty-common/4.1.29.Final/netty-common-4.1.29.Final.jar:/Users/macos/Desktop/OldFace/tools/maven/repository/io/netty/netty-transport/4.1.29.Final/netty-transport-4.1.29.Final.jar:/Users/macos/Desktop/OldFace/tools/maven/repository/io/netty/netty-buffer/4.1.29.Final/netty-buffer-4.1.29.Final.jar:/Users/macos/Desktop/OldFace/tools/maven/repository/io/netty/netty-resolver/4.1.29.Final/netty-resolver-4.1.29.Final.jar:/Users/macos/Desktop/OldFace/tools/maven/repository/io/netty/netty-handler/4.1.29.Final/netty-handler-4.1.29.Final.jar:/Users/macos/Desktop/OldFace/tools/maven/repository/io/netty/netty-codec/4.1.29.Final/netty-codec-4.1.29.Final.jar:/Users/macos/Desktop/OldFace/tools/maven/repository/org/codehaus/mojo/exec-maven-plugin/1.6.0/exec-maven-plugin-1.6.0.jar:/Users/macos/Desktop/OldFace/tools/maven/repository/org/apache/maven/maven-toolchain/2.2.1/maven-toolchain-2.2.1.jar:/Users/macos/Desktop/OldFace/tools/maven/repository/org/apache/maven/maven-project/2.2.1/maven-project-2.2.1.jar:/Users/macos/Desktop/OldFace/tools/maven/repository/org/apache/maven/maven-settings/2.2.1/maven-settings-2.2.1.jar:/Users/macos/Desktop/OldFace/tools/maven/repository/org/apache/maven/maven-profile/2.2.1/maven-profile-2.2.1.jar:/Users/macos/Desktop/OldFace/tools/maven/repository/org/apache/maven/maven-plugin-registry/2.2.1/maven-plugin-registry-2.2.1.jar:/Users/macos/Desktop/OldFace/tools/maven/repository/org/codehaus/plexus/plexus-interpolation/1.11/plexus-interpolation-1.11.jar:/Users/macos/Desktop/OldFace/tools/maven/repository/org/codehaus/plexus/plexus-container-default/1.0-alpha-9-stable-1/plexus-container-default-1.0-alpha-9-stable-1.jar:/Users/macos/Desktop/OldFace/tools/maven/repository/org/apache/maven/maven-model/2.2.1/maven-model-2.2.1.jar:/Users/macos/Desktop/OldFace/tools/maven/repository/org/apache/maven/maven-artifact/2.2.1/maven-artifact-2.2.1.jar:/Users/macos/Desktop/OldFace/tools/maven/repository/org/apache/maven/maven-artifact-manager/2.2.1/maven-artifact-manager-2.2.1.jar:/Users/macos/Desktop/OldFace/tools/maven/repository/org/apache/maven/maven-repository-metadata/2.2.1/maven-repository-metadata-2.2.1.jar:/Users/macos/Desktop/OldFace/tools/maven/repository/org/apache/maven/wagon/wagon-provider-api/1.0-beta-6/wagon-provider-api-1.0-beta-6.jar:/Users/macos/Desktop/OldFace/tools/maven/repository/backport-util-concurrent/backport-util-concurrent/3.1/backport-util-concurrent-3.1.jar:/Users/macos/Desktop/OldFace/tools/maven/repository/org/apache/maven/maven-core/2.2.1/maven-core-2.2.1.jar:/Users/macos/Desktop/OldFace/tools/maven/repository/org/apache/maven/wagon/wagon-file/1.0-beta-6/wagon-file-1.0-beta-6.jar:/Users/macos/Desktop/OldFace/tools/maven/repository/org/apache/maven/maven-plugin-parameter-documenter/2.2.1/maven-plugin-parameter-documenter-2.2.1.jar:/Users/macos/Desktop/OldFace/tools/maven/repository/org/apache/maven/wagon/wagon-http-lightweight/1.0-beta-6/wagon-http-lightweight-1.0-beta-6.jar:/Users/macos/Desktop/OldFace/tools/maven/repository/org/apache/maven/wagon/wagon-http-shared/1.0-beta-6/wagon-http-shared-1.0-beta-6.jar:/Users/macos/Desktop/OldFace/tools/maven/repository/nekohtml/xercesMinimal/1.9.6.2/xercesMinimal-1.9.6.2.jar:/Users/macos/Desktop/OldFace/tools/maven/repository/nekohtml/nekohtml/1.9.6.2/nekohtml-1.9.6.2.jar:/Users/macos/Desktop/OldFace/tools/maven/repository/org/apache/maven/wagon/wagon-http/1.0-beta-6/wagon-http-1.0-beta-6.jar:/Users/macos/Desktop/OldFace/tools/maven/repository/org/apache/maven/wagon/wagon-webdav-jackrabbit/1.0-beta-6/wagon-webdav-jackrabbit-1.0-beta-6.jar:/Users/macos/Desktop/OldFace/tools/maven/repository/org/apache/jackrabbit/jackrabbit-webdav/1.5.0/jackrabbit-webdav-1.5.0.jar:/Users/macos/Desktop/OldFace/tools/maven/repository/org/apache/jackrabbit/jackrabbit-jcr-commons/1.5.0/jackrabbit-jcr-commons-1.5.0.jar:/Users/macos/Desktop/OldFace/tools/maven/repository/commons-httpclient/commons-httpclient/3.0/commons-httpclient-3.0.jar:/Users/macos/Desktop/OldFace/tools/maven/repository/org/slf4j/slf4j-nop/1.7.25/slf4j-nop-1.7.25.jar:/Users/macos/Desktop/OldFace/tools/maven/repository/org/slf4j/slf4j-jdk14/1.7.25/slf4j-jdk14-1.7.25.jar:/Users/macos/Desktop/OldFace/tools/maven/repository/org/slf4j/jcl-over-slf4j/1.7.25/jcl-over-slf4j-1.7.25.jar:/Users/macos/Desktop/OldFace/tools/maven/repository/org/apache/maven/reporting/maven-reporting-api/2.2.1/maven-reporting-api-2.2.1.jar:/Users/macos/Desktop/OldFace/tools/maven/repository/org/apache/maven/doxia/doxia-sink-api/1.1/doxia-sink-api-1.1.jar:/Users/macos/Desktop/OldFace/tools/maven/repository/org/apache/maven/doxia/doxia-logging-api/1.1/doxia-logging-api-1.1.jar:/Users/macos/Desktop/OldFace/tools/maven/repository/org/apache/maven/maven-error-diagnostics/2.2.1/maven-error-diagnostics-2.2.1.jar:/Users/macos/Desktop/OldFace/tools/maven/repository/commons-cli/commons-cli/1.2/commons-cli-1.2.jar:/Users/macos/Desktop/OldFace/tools/maven/repository/org/apache/maven/wagon/wagon-ssh-external/1.0-beta-6/wagon-ssh-external-1.0-beta-6.jar:/Users/macos/Desktop/OldFace/tools/maven/repository/org/apache/maven/wagon/wagon-ssh-common/1.0-beta-6/wagon-ssh-common-1.0-beta-6.jar:/Users/macos/Desktop/OldFace/tools/maven/repository/org/apache/maven/maven-plugin-descriptor/2.2.1/maven-plugin-descriptor-2.2.1.jar:/Users/macos/Desktop/OldFace/tools/maven/repository/org/codehaus/plexus/plexus-interactivity-api/1.0-alpha-4/plexus-interactivity-api-1.0-alpha-4.jar:/Users/macos/Desktop/OldFace/tools/maven/repository/org/apache/maven/maven-monitor/2.2.1/maven-monitor-2.2.1.jar:/Users/macos/Desktop/OldFace/tools/maven/repository/org/apache/maven/wagon/wagon-ssh/1.0-beta-6/wagon-ssh-1.0-beta-6.jar:/Users/macos/Desktop/OldFace/tools/maven/repository/com/jcraft/jsch/0.1.38/jsch-0.1.38.jar:/Users/macos/Desktop/OldFace/tools/maven/repository/classworlds/classworlds/1.1/classworlds-1.1.jar:/Users/macos/Desktop/OldFace/tools/maven/repository/org/sonatype/plexus/plexus-sec-dispatcher/1.3/plexus-sec-dispatcher-1.3.jar:/Users/macos/Desktop/OldFace/tools/maven/repository/org/sonatype/plexus/plexus-cipher/1.4/plexus-cipher-1.4.jar:/Users/macos/Desktop/OldFace/tools/maven/repository/org/apache/maven/maven-plugin-api/2.2.1/maven-plugin-api-2.2.1.jar:/Users/macos/Desktop/OldFace/tools/maven/repository/org/codehaus/plexus/plexus-utils/3.0.20/plexus-utils-3.0.20.jar:/Users/macos/Desktop/OldFace/tools/maven/repository/org/apache/commons/commons-exec/1.3/commons-exec-1.3.jar:/Users/macos/Desktop/OldFace/tools/maven/repository/org/apache/maven/surefire/surefire-testng-utils/2.21.0/surefire-testng-utils-2.21.0.jar:/Users/macos/Desktop/OldFace/tools/maven/repository/org/apache/maven/surefire/surefire-grouper/2.21.0/surefire-grouper-2.21.0.jar:"/>
    <property name="java.vm.vendor" value="Oracle Corporation"/>
    <property name="sun.arch.data.model" value="64"/>
    <property name="java.vendor.url" value="http://java.oracle.com/"/>
    <property name="user.timezone" value=""/>
    <property name="java.vm.specification.version" value="1.8"/>
    <property name="os.name" value="Mac OS X"/>
    <property name="user.country" value="CN"/>
    <property name="sun.java.launcher" value="SUN_STANDARD"/>
    <property name="sun.boot.library.path" value="/Library/Java/JavaVirtualMachines/jdk1.8.0_121.jdk/Contents/Home/jre/lib"/>
    <property name="sun.java.command" value="/Users/macos/Desktop/OldFace/study/api-auto-test/target/surefire/surefirebooter7606651954760033712.jar /Users/macos/Desktop/OldFace/study/api-auto-test/target/surefire 2020-04-15T13-09-49_054-jvmRun1 surefire8147341806211401633tmp surefire_01844421063236723175tmp"/>
    <property name="surefire.test.class.path" value="/Users/macos/Desktop/OldFace/study/api-auto-test/target/test-classes:/Users/macos/Desktop/OldFace/study/api-auto-test/target/classes:/Users/macos/Desktop/OldFace/tools/maven/repository/org/springframework/boot/spring-boot-starter-test/2.0.6.RELEASE/spring-boot-starter-test-2.0.6.RELEASE.jar:/Users/macos/Desktop/OldFace/tools/maven/repository/org/springframework/boot/spring-boot-starter/2.0.6.RELEASE/spring-boot-starter-2.0.6.RELEASE.jar:/Users/macos/Desktop/OldFace/tools/maven/repository/org/springframework/boot/spring-boot/2.0.6.RELEASE/spring-boot-2.0.6.RELEASE.jar:/Users/macos/Desktop/OldFace/tools/maven/repository/org/springframework/spring-context/5.0.10.RELEASE/spring-context-5.0.10.RELEASE.jar:/Users/macos/Desktop/OldFace/tools/maven/repository/org/springframework/spring-expression/5.0.10.RELEASE/spring-expression-5.0.10.RELEASE.jar:/Users/macos/Desktop/OldFace/tools/maven/repository/org/springframework/boot/spring-boot-autoconfigure/2.0.6.RELEASE/spring-boot-autoconfigure-2.0.6.RELEASE.jar:/Users/macos/Desktop/OldFace/tools/maven/repository/javax/annotation/javax.annotation-api/1.3.2/javax.annotation-api-1.3.2.jar:/Users/macos/Desktop/OldFace/tools/maven/repository/org/springframework/boot/spring-boot-test/2.0.6.RELEASE/spring-boot-test-2.0.6.RELEASE.jar:/Users/macos/Desktop/OldFace/tools/maven/repository/org/springframework/boot/spring-boot-test-autoconfigure/2.0.6.RELEASE/spring-boot-test-autoconfigure-2.0.6.RELEASE.jar:/Users/macos/Desktop/OldFace/tools/maven/repository/com/jayway/jsonpath/json-path/2.4.0/json-path-2.4.0.jar:/Users/macos/Desktop/OldFace/tools/maven/repository/net/minidev/json-smart/2.3/json-smart-2.3.jar:/Users/macos/Desktop/OldFace/tools/maven/repository/net/minidev/accessors-smart/1.2/accessors-smart-1.2.jar:/Users/macos/Desktop/OldFace/tools/maven/repository/org/ow2/asm/asm/5.0.4/asm-5.0.4.jar:/Users/macos/Desktop/OldFace/tools/maven/repository/org/slf4j/slf4j-api/1.7.25/slf4j-api-1.7.25.jar:/Users/macos/Desktop/OldFace/tools/maven/repository/junit/junit/4.12/junit-4.12.jar:/Users/macos/Desktop/OldFace/tools/maven/repository/org/assertj/assertj-core/3.9.1/assertj-core-3.9.1.jar:/Users/macos/Desktop/OldFace/tools/maven/repository/org/mockito/mockito-core/2.15.0/mockito-core-2.15.0.jar:/Users/macos/Desktop/OldFace/tools/maven/repository/net/bytebuddy/byte-buddy/1.7.11/byte-buddy-1.7.11.jar:/Users/macos/Desktop/OldFace/tools/maven/repository/net/bytebuddy/byte-buddy-agent/1.7.11/byte-buddy-agent-1.7.11.jar:/Users/macos/Desktop/OldFace/tools/maven/repository/org/objenesis/objenesis/2.6/objenesis-2.6.jar:/Users/macos/Desktop/OldFace/tools/maven/repository/org/hamcrest/hamcrest-core/1.3/hamcrest-core-1.3.jar:/Users/macos/Desktop/OldFace/tools/maven/repository/org/hamcrest/hamcrest-library/1.3/hamcrest-library-1.3.jar:/Users/macos/Desktop/OldFace/tools/maven/repository/org/skyscreamer/jsonassert/1.5.0/jsonassert-1.5.0.jar:/Users/macos/Desktop/OldFace/tools/maven/repository/com/vaadin/external/google/android-json/0.0.20131108.vaadin1/android-json-0.0.20131108.vaadin1.jar:/Users/macos/Desktop/OldFace/tools/maven/repository/org/springframework/spring-core/5.0.10.RELEASE/spring-core-5.0.10.RELEASE.jar:/Users/macos/Desktop/OldFace/tools/maven/repository/org/springframework/spring-jcl/5.0.10.RELEASE/spring-jcl-5.0.10.RELEASE.jar:/Users/macos/Desktop/OldFace/tools/maven/repository/org/springframework/spring-test/5.0.10.RELEASE/spring-test-5.0.10.RELEASE.jar:/Users/macos/Desktop/OldFace/tools/maven/repository/org/xmlunit/xmlunit-core/2.5.1/xmlunit-core-2.5.1.jar:/Users/macos/Desktop/OldFace/tools/maven/repository/org/springframework/boot/spring-boot-configuration-processor/2.0.6.RELEASE/spring-boot-configuration-processor-2.0.6.RELEASE.jar:/Users/macos/Desktop/OldFace/tools/maven/repository/org/springframework/boot/spring-boot-starter-logging/2.0.6.RELEASE/spring-boot-starter-logging-2.0.6.RELEASE.jar:/Users/macos/Desktop/OldFace/tools/maven/repository/ch/qos/logback/logback-classic/1.2.3/logback-classic-1.2.3.jar:/Users/macos/Desktop/OldFace/tools/maven/repository/ch/qos/logback/logback-core/1.2.3/logback-core-1.2.3.jar:/Users/macos/Desktop/OldFace/tools/maven/repository/org/apache/logging/log4j/log4j-to-slf4j/2.10.0/log4j-to-slf4j-2.10.0.jar:/Users/macos/Desktop/OldFace/tools/maven/repository/org/apache/logging/log4j/log4j-api/2.10.0/log4j-api-2.10.0.jar:/Users/macos/Desktop/OldFace/tools/maven/repository/org/slf4j/jul-to-slf4j/1.7.25/jul-to-slf4j-1.7.25.jar:/Users/macos/Desktop/OldFace/tools/maven/repository/org/springframework/boot/spring-boot-starter-validation/2.0.6.RELEASE/spring-boot-starter-validation-2.0.6.RELEASE.jar:/Users/macos/Desktop/OldFace/tools/maven/repository/org/apache/tomcat/embed/tomcat-embed-el/8.5.34/tomcat-embed-el-8.5.34.jar:/Users/macos/Desktop/OldFace/tools/maven/repository/org/hibernate/validator/hibernate-validator/6.0.13.Final/hibernate-validator-6.0.13.Final.jar:/Users/macos/Desktop/OldFace/tools/maven/repository/javax/validation/validation-api/2.0.1.Final/validation-api-2.0.1.Final.jar:/Users/macos/Desktop/OldFace/tools/maven/repository/org/jboss/logging/jboss-logging/3.3.2.Final/jboss-logging-3.3.2.Final.jar:/Users/macos/Desktop/OldFace/tools/maven/repository/com/fasterxml/classmate/1.3.4/classmate-1.3.4.jar:/Users/macos/Desktop/OldFace/tools/maven/repository/org/projectlombok/lombok/1.16.22/lombok-1.16.22.jar:/Users/macos/Desktop/OldFace/tools/maven/repository/com/aventstack/extentreports/3.1.0/extentreports-3.1.0.jar:/Users/macos/Desktop/OldFace/tools/maven/repository/org/freemarker/freemarker/2.3.28/freemarker-2.3.28.jar:/Users/macos/Desktop/OldFace/tools/maven/repository/org/mongodb/mongodb-driver/3.6.4/mongodb-driver-3.6.4.jar:/Users/macos/Desktop/OldFace/tools/maven/repository/org/mongodb/bson/3.6.4/bson-3.6.4.jar:/Users/macos/Desktop/OldFace/tools/maven/repository/org/mongodb/mongodb-driver-core/3.6.4/mongodb-driver-core-3.6.4.jar:/Users/macos/Desktop/OldFace/tools/maven/repository/org/apache/httpcomponents/httpclient/4.5.6/httpclient-4.5.6.jar:/Users/macos/Desktop/OldFace/tools/maven/repository/org/jsoup/jsoup/1.9.2/jsoup-1.9.2.jar:/Users/macos/Desktop/OldFace/tools/maven/repository/com/google/code/gson/gson/2.8.5/gson-2.8.5.jar:/Users/macos/Desktop/OldFace/tools/maven/repository/com/google/inject/guice/3.0/guice-3.0.jar:/Users/macos/Desktop/OldFace/tools/maven/repository/javax/inject/javax.inject/1/javax.inject-1.jar:/Users/macos/Desktop/OldFace/tools/maven/repository/aopalliance/aopalliance/1.0/aopalliance-1.0.jar:/Users/macos/Desktop/OldFace/tools/maven/repository/com/google/guava/guava/23.0/guava-23.0.jar:/Users/macos/Desktop/OldFace/tools/maven/repository/com/google/code/findbugs/jsr305/1.3.9/jsr305-1.3.9.jar:/Users/macos/Desktop/OldFace/tools/maven/repository/com/google/errorprone/error_prone_annotations/2.0.18/error_prone_annotations-2.0.18.jar:/Users/macos/Desktop/OldFace/tools/maven/repository/com/google/j2objc/j2objc-annotations/1.1/j2objc-annotations-1.1.jar:/Users/macos/Desktop/OldFace/tools/maven/repository/org/codehaus/mojo/animal-sniffer-annotations/1.14/animal-sniffer-annotations-1.14.jar:/Users/macos/Desktop/OldFace/tools/maven/repository/org/apache/velocity/velocity/1.7/velocity-1.7.jar:/Users/macos/Desktop/OldFace/tools/maven/repository/commons-collections/commons-collections/3.2.1/commons-collections-3.2.1.jar:/Users/macos/Desktop/OldFace/tools/maven/repository/commons-lang/commons-lang/2.4/commons-lang-2.4.jar:/Users/macos/Desktop/OldFace/tools/maven/repository/com/alibaba/fastjson/1.2.60/fastjson-1.2.60.jar:/Users/macos/Desktop/OldFace/tools/maven/repository/org/apache/httpcomponents/httpcore/4.4.3/httpcore-4.4.3.jar:/Users/macos/Desktop/OldFace/tools/maven/repository/org/apache/httpcomponents/httpmime/4.5.3/httpmime-4.5.3.jar:/Users/macos/Desktop/OldFace/tools/maven/repository/com/att/inno/log4j/1.2.11/log4j-1.2.11.jar:/Users/macos/Desktop/OldFace/tools/maven/repository/com/att/inno/env/1.2.11/env-1.2.11.jar:/Users/macos/Desktop/OldFace/tools/maven/repository/log4j/log4j/1.2.17/log4j-1.2.17.jar:/Users/macos/Desktop/OldFace/tools/maven/repository/net/java/dev/jna/jna-platform/4.5.2/jna-platform-4.5.2.jar:/Users/macos/Desktop/OldFace/tools/maven/repository/net/java/dev/jna/jna/4.5.2/jna-4.5.2.jar:/Users/macos/Desktop/OldFace/tools/maven/repository/org/apache/commons/commons-lang3/3.7/commons-lang3-3.7.jar:/Users/macos/Desktop/OldFace/tools/maven/repository/org/testng/testng/6.11/testng-6.11.jar:/Users/macos/Desktop/OldFace/tools/maven/repository/com/beust/jcommander/1.64/jcommander-1.64.jar:/Users/macos/Desktop/OldFace/tools/maven/repository/org/yaml/snakeyaml/1.19/snakeyaml-1.19.jar:/Users/macos/Desktop/OldFace/tools/maven/repository/javax/mail/mail/1.4.7/mail-1.4.7.jar:/Users/macos/Desktop/OldFace/tools/maven/repository/javax/activation/activation/1.1/activation-1.1.jar:/Users/macos/Desktop/OldFace/tools/maven/repository/org/apache/poi/poi/3.17/poi-3.17.jar:/Users/macos/Desktop/OldFace/tools/maven/repository/commons-codec/commons-codec/1.11/commons-codec-1.11.jar:/Users/macos/Desktop/OldFace/tools/maven/repository/org/apache/commons/commons-collections4/4.1/commons-collections4-4.1.jar:/Users/macos/Desktop/OldFace/tools/maven/repository/org/apache/poi/poi-ooxml/3.17/poi-ooxml-3.17.jar:/Users/macos/Desktop/OldFace/tools/maven/repository/org/apache/poi/poi-ooxml-schemas/3.17/poi-ooxml-schemas-3.17.jar:/Users/macos/Desktop/OldFace/tools/maven/repository/org/apache/xmlbeans/xmlbeans/2.6.0/xmlbeans-2.6.0.jar:/Users/macos/Desktop/OldFace/tools/maven/repository/stax/stax-api/1.0.1/stax-api-1.0.1.jar:/Users/macos/Desktop/OldFace/tools/maven/repository/com/github/virtuald/curvesapi/1.04/curvesapi-1.04.jar:/Users/macos/Desktop/OldFace/tools/maven/repository/com/alibaba/easyexcel/1.0.1/easyexcel-1.0.1.jar:/Users/macos/Desktop/OldFace/tools/maven/repository/commons-beanutils/commons-beanutils/1.9.2/commons-beanutils-1.9.2.jar:/Users/macos/Desktop/OldFace/tools/maven/repository/commons-logging/commons-logging/1.1.1/commons-logging-1.1.1.jar:/Users/macos/Desktop/OldFace/tools/maven/repository/org/apache/commons/commons-compress/1.14/commons-compress-1.14.jar:/Users/macos/Desktop/OldFace/tools/maven/repository/cn/afterturn/easypoi-annotation/3.0.3/easypoi-annotation-3.0.3.jar:/Users/macos/Desktop/OldFace/tools/maven/repository/org/springframework/boot/spring-boot-starter-data-redis/2.0.6.RELEASE/spring-boot-starter-data-redis-2.0.6.RELEASE.jar:/Users/macos/Desktop/OldFace/tools/maven/repository/org/springframework/data/spring-data-redis/2.0.11.RELEASE/spring-data-redis-2.0.11.RELEASE.jar:/Users/macos/Desktop/OldFace/tools/maven/repository/org/springframework/data/spring-data-keyvalue/2.0.11.RELEASE/spring-data-keyvalue-2.0.11.RELEASE.jar:/Users/macos/Desktop/OldFace/tools/maven/repository/org/springframework/data/spring-data-commons/2.0.11.RELEASE/spring-data-commons-2.0.11.RELEASE.jar:/Users/macos/Desktop/OldFace/tools/maven/repository/org/springframework/spring-tx/5.0.10.RELEASE/spring-tx-5.0.10.RELEASE.jar:/Users/macos/Desktop/OldFace/tools/maven/repository/org/springframework/spring-beans/5.0.10.RELEASE/spring-beans-5.0.10.RELEASE.jar:/Users/macos/Desktop/OldFace/tools/maven/repository/org/springframework/spring-oxm/5.0.10.RELEASE/spring-oxm-5.0.10.RELEASE.jar:/Users/macos/Desktop/OldFace/tools/maven/repository/org/springframework/spring-aop/5.0.10.RELEASE/spring-aop-5.0.10.RELEASE.jar:/Users/macos/Desktop/OldFace/tools/maven/repository/org/springframework/spring-context-support/5.0.10.RELEASE/spring-context-support-5.0.10.RELEASE.jar:/Users/macos/Desktop/OldFace/tools/maven/repository/io/lettuce/lettuce-core/5.0.5.RELEASE/lettuce-core-5.0.5.RELEASE.jar:/Users/macos/Desktop/OldFace/tools/maven/repository/io/projectreactor/reactor-core/3.1.10.RELEASE/reactor-core-3.1.10.RELEASE.jar:/Users/macos/Desktop/OldFace/tools/maven/repository/org/reactivestreams/reactive-streams/1.0.2/reactive-streams-1.0.2.jar:/Users/macos/Desktop/OldFace/tools/maven/repository/io/netty/netty-common/4.1.29.Final/netty-common-4.1.29.Final.jar:/Users/macos/Desktop/OldFace/tools/maven/repository/io/netty/netty-transport/4.1.29.Final/netty-transport-4.1.29.Final.jar:/Users/macos/Desktop/OldFace/tools/maven/repository/io/netty/netty-buffer/4.1.29.Final/netty-buffer-4.1.29.Final.jar:/Users/macos/Desktop/OldFace/tools/maven/repository/io/netty/netty-resolver/4.1.29.Final/netty-resolver-4.1.29.Final.jar:/Users/macos/Desktop/OldFace/tools/maven/repository/io/netty/netty-handler/4.1.29.Final/netty-handler-4.1.29.Final.jar:/Users/macos/Desktop/OldFace/tools/maven/repository/io/netty/netty-codec/4.1.29.Final/netty-codec-4.1.29.Final.jar:/Users/macos/Desktop/OldFace/tools/maven/repository/org/codehaus/mojo/exec-maven-plugin/1.6.0/exec-maven-plugin-1.6.0.jar:/Users/macos/Desktop/OldFace/tools/maven/repository/org/apache/maven/maven-toolchain/2.2.1/maven-toolchain-2.2.1.jar:/Users/macos/Desktop/OldFace/tools/maven/repository/org/apache/maven/maven-project/2.2.1/maven-project-2.2.1.jar:/Users/macos/Desktop/OldFace/tools/maven/repository/org/apache/maven/maven-settings/2.2.1/maven-settings-2.2.1.jar:/Users/macos/Desktop/OldFace/tools/maven/repository/org/apache/maven/maven-profile/2.2.1/maven-profile-2.2.1.jar:/Users/macos/Desktop/OldFace/tools/maven/repository/org/apache/maven/maven-plugin-registry/2.2.1/maven-plugin-registry-2.2.1.jar:/Users/macos/Desktop/OldFace/tools/maven/repository/org/codehaus/plexus/plexus-interpolation/1.11/plexus-interpolation-1.11.jar:/Users/macos/Desktop/OldFace/tools/maven/repository/org/codehaus/plexus/plexus-container-default/1.0-alpha-9-stable-1/plexus-container-default-1.0-alpha-9-stable-1.jar:/Users/macos/Desktop/OldFace/tools/maven/repository/org/apache/maven/maven-model/2.2.1/maven-model-2.2.1.jar:/Users/macos/Desktop/OldFace/tools/maven/repository/org/apache/maven/maven-artifact/2.2.1/maven-artifact-2.2.1.jar:/Users/macos/Desktop/OldFace/tools/maven/repository/org/apache/maven/maven-artifact-manager/2.2.1/maven-artifact-manager-2.2.1.jar:/Users/macos/Desktop/OldFace/tools/maven/repository/org/apache/maven/maven-repository-metadata/2.2.1/maven-repository-metadata-2.2.1.jar:/Users/macos/Desktop/OldFace/tools/maven/repository/org/apache/maven/wagon/wagon-provider-api/1.0-beta-6/wagon-provider-api-1.0-beta-6.jar:/Users/macos/Desktop/OldFace/tools/maven/repository/backport-util-concurrent/backport-util-concurrent/3.1/backport-util-concurrent-3.1.jar:/Users/macos/Desktop/OldFace/tools/maven/repository/org/apache/maven/maven-core/2.2.1/maven-core-2.2.1.jar:/Users/macos/Desktop/OldFace/tools/maven/repository/org/apache/maven/wagon/wagon-file/1.0-beta-6/wagon-file-1.0-beta-6.jar:/Users/macos/Desktop/OldFace/tools/maven/repository/org/apache/maven/maven-plugin-parameter-documenter/2.2.1/maven-plugin-parameter-documenter-2.2.1.jar:/Users/macos/Desktop/OldFace/tools/maven/repository/org/apache/maven/wagon/wagon-http-lightweight/1.0-beta-6/wagon-http-lightweight-1.0-beta-6.jar:/Users/macos/Desktop/OldFace/tools/maven/repository/org/apache/maven/wagon/wagon-http-shared/1.0-beta-6/wagon-http-shared-1.0-beta-6.jar:/Users/macos/Desktop/OldFace/tools/maven/repository/nekohtml/xercesMinimal/1.9.6.2/xercesMinimal-1.9.6.2.jar:/Users/macos/Desktop/OldFace/tools/maven/repository/nekohtml/nekohtml/1.9.6.2/nekohtml-1.9.6.2.jar:/Users/macos/Desktop/OldFace/tools/maven/repository/org/apache/maven/wagon/wagon-http/1.0-beta-6/wagon-http-1.0-beta-6.jar:/Users/macos/Desktop/OldFace/tools/maven/repository/org/apache/maven/wagon/wagon-webdav-jackrabbit/1.0-beta-6/wagon-webdav-jackrabbit-1.0-beta-6.jar:/Users/macos/Desktop/OldFace/tools/maven/repository/org/apache/jackrabbit/jackrabbit-webdav/1.5.0/jackrabbit-webdav-1.5.0.jar:/Users/macos/Desktop/OldFace/tools/maven/repository/org/apache/jackrabbit/jackrabbit-jcr-commons/1.5.0/jackrabbit-jcr-commons-1.5.0.jar:/Users/macos/Desktop/OldFace/tools/maven/repository/commons-httpclient/commons-httpclient/3.0/commons-httpclient-3.0.jar:/Users/macos/Desktop/OldFace/tools/maven/repository/org/slf4j/slf4j-nop/1.7.25/slf4j-nop-1.7.25.jar:/Users/macos/Desktop/OldFace/tools/maven/repository/org/slf4j/slf4j-jdk14/1.7.25/slf4j-jdk14-1.7.25.jar:/Users/macos/Desktop/OldFace/tools/maven/repository/org/slf4j/jcl-over-slf4j/1.7.25/jcl-over-slf4j-1.7.25.jar:/Users/macos/Desktop/OldFace/tools/maven/repository/org/apache/maven/reporting/maven-reporting-api/2.2.1/maven-reporting-api-2.2.1.jar:/Users/macos/Desktop/OldFace/tools/maven/repository/org/apache/maven/doxia/doxia-sink-api/1.1/doxia-sink-api-1.1.jar:/Users/macos/Desktop/OldFace/tools/maven/repository/org/apache/maven/doxia/doxia-logging-api/1.1/doxia-logging-api-1.1.jar:/Users/macos/Desktop/OldFace/tools/maven/repository/org/apache/maven/maven-error-diagnostics/2.2.1/maven-error-diagnostics-2.2.1.jar:/Users/macos/Desktop/OldFace/tools/maven/repository/commons-cli/commons-cli/1.2/commons-cli-1.2.jar:/Users/macos/Desktop/OldFace/tools/maven/repository/org/apache/maven/wagon/wagon-ssh-external/1.0-beta-6/wagon-ssh-external-1.0-beta-6.jar:/Users/macos/Desktop/OldFace/tools/maven/repository/org/apache/maven/wagon/wagon-ssh-common/1.0-beta-6/wagon-ssh-common-1.0-beta-6.jar:/Users/macos/Desktop/OldFace/tools/maven/repository/org/apache/maven/maven-plugin-descriptor/2.2.1/maven-plugin-descriptor-2.2.1.jar:/Users/macos/Desktop/OldFace/tools/maven/repository/org/codehaus/plexus/plexus-interactivity-api/1.0-alpha-4/plexus-interactivity-api-1.0-alpha-4.jar:/Users/macos/Desktop/OldFace/tools/maven/repository/org/apache/maven/maven-monitor/2.2.1/maven-monitor-2.2.1.jar:/Users/macos/Desktop/OldFace/tools/maven/repository/org/apache/maven/wagon/wagon-ssh/1.0-beta-6/wagon-ssh-1.0-beta-6.jar:/Users/macos/Desktop/OldFace/tools/maven/repository/com/jcraft/jsch/0.1.38/jsch-0.1.38.jar:/Users/macos/Desktop/OldFace/tools/maven/repository/classworlds/classworlds/1.1/classworlds-1.1.jar:/Users/macos/Desktop/OldFace/tools/maven/repository/org/sonatype/plexus/plexus-sec-dispatcher/1.3/plexus-sec-dispatcher-1.3.jar:/Users/macos/Desktop/OldFace/tools/maven/repository/org/sonatype/plexus/plexus-cipher/1.4/plexus-cipher-1.4.jar:/Users/macos/Desktop/OldFace/tools/maven/repository/org/apache/maven/maven-plugin-api/2.2.1/maven-plugin-api-2.2.1.jar:/Users/macos/Desktop/OldFace/tools/maven/repository/org/codehaus/plexus/plexus-utils/3.0.20/plexus-utils-3.0.20.jar:/Users/macos/Desktop/OldFace/tools/maven/repository/org/apache/commons/commons-exec/1.3/commons-exec-1.3.jar:/Users/macos/Desktop/OldFace/tools/maven/repository/org/apache/maven/surefire/surefire-testng-utils/2.21.0/surefire-testng-utils-2.21.0.jar:/Users/macos/Desktop/OldFace/tools/maven/repository/org/apache/maven/surefire/surefire-grouper/2.21.0/surefire-grouper-2.21.0.jar:"/>
    <property name="sun.cpu.endian" value="little"/>
    <property name="user.home" value="/Users/macos"/>
    <property name="user.language" value="zh"/>
    <property name="java.specification.vendor" value="Oracle Corporation"/>
    <property name="java.home" value="/Library/Java/JavaVirtualMachines/jdk1.8.0_121.jdk/Contents/Home/jre"/>
    <property name="basedir" value="/Users/macos/Desktop/OldFace/study/api-auto-test"/>
    <property name="file.separator" value="/"/>
    <property name="line.separator" value="&#10;"/>
    <property name="java.vm.specification.vendor" value="Oracle Corporation"/>
    <property name="java.specification.name" value="Java Platform API Specification"/>
    <property name="java.awt.graphicsenv" value="sun.awt.CGraphicsEnvironment"/>
    <property name="surefire.real.class.path" value="/Users/macos/Desktop/OldFace/study/api-auto-test/target/surefire/surefirebooter7606651954760033712.jar"/>
    <property name="sun.boot.class.path" value="/Library/Java/JavaVirtualMachines/jdk1.8.0_121.jdk/Contents/Home/jre/lib/resources.jar:/Library/Java/JavaVirtualMachines/jdk1.8.0_121.jdk/Contents/Home/jre/lib/rt.jar:/Library/Java/JavaVirtualMachines/jdk1.8.0_121.jdk/Contents/Home/jre/lib/sunrsasign.jar:/Library/Java/JavaVirtualMachines/jdk1.8.0_121.jdk/Contents/Home/jre/lib/jsse.jar:/Library/Java/JavaVirtualMachines/jdk1.8.0_121.jdk/Contents/Home/jre/lib/jce.jar:/Library/Java/JavaVirtualMachines/jdk1.8.0_121.jdk/Contents/Home/jre/lib/charsets.jar:/Library/Java/JavaVirtualMachines/jdk1.8.0_121.jdk/Contents/Home/jre/lib/jfr.jar:/Library/Java/JavaVirtualMachines/jdk1.8.0_121.jdk/Contents/Home/jre/classes"/>
    <property name="sun.management.compiler" value="HotSpot 64-Bit Tiered Compilers"/>
    <property name="java.runtime.version" value="1.8.0_121-b13"/>
    <property name="user.name" value="macos"/>
    <property name="path.separator" value=":"/>
    <property name="os.version" value="10.12.4"/>
    <property name="java.endorsed.dirs" value="/Library/Java/JavaVirtualMachines/jdk1.8.0_121.jdk/Contents/Home/jre/lib/endorsed"/>
    <property name="java.runtime.name" value="Java(TM) SE Runtime Environment"/>
    <property name="file.encoding" value="UTF-8"/>
    <property name="java.vm.name" value="Java HotSpot(TM) 64-Bit Server VM"/>
    <property name="localRepository" value="/Users/macos/Desktop/OldFace/tools/maven/repository"/>
    <property name="java.vendor.url.bug" value="http://bugreport.sun.com/bugreport/"/>
    <property name="java.io.tmpdir" value="/var/folders/l_/9k0yzxys2v3brfwrfgw_s3zc0000gn/T/"/>
    <property name="java.version" value="1.8.0_121"/>
    <property name="user.dir" value="/Users/macos/Desktop/OldFace/study/api-auto-test"/>
    <property name="os.arch" value="x86_64"/>
    <property name="java.vm.specification.name" value="Java Virtual Machine Specification"/>
    <property name="java.awt.printerjob" value="sun.lwawt.macosx.CPrinterJob"/>
    <property name="sun.os.patch.level" value="unknown"/>
    <property name="java.library.path" value="/Users/macos/Library/Java/Extensions:/Library/Java/Extensions:/Network/Library/Java/Extensions:/System/Library/Java/Extensions:/usr/lib/java:."/>
    <property name="java.vm.info" value="mixed mode"/>
    <property name="java.vendor" value="Oracle Corporation"/>
    <property name="java.vm.version" value="25.121-b13"/>
    <property name="java.ext.dirs" value="/Users/macos/Library/Java/Extensions:/Library/Java/JavaVirtualMachines/jdk1.8.0_121.jdk/Contents/Home/jre/lib/ext:/Library/Java/Extensions:/Network/Library/Java/Extensions:/System/Library/Java/Extensions:/usr/lib/java"/>
    <property name="sun.io.unicode.encoding" value="UnicodeBig"/>
    <property name="java.class.version" value="52.0"/>
  </properties>
  <testcase name="tes" classname="Test" time="0.007"/>
</testsuite>